[2018-05-13 10:32:25] START
[2018-05-13 10:32:54] CREATE api.py: 0
[2018-05-13 10:33:11] CREATE tables.py: 0
[2018-05-13 10:58:29] EDIT hw3/views/default/index.html: -11
[2018-05-13 10:59:12] EDIT hw3/views/default/user.html: 0
[2018-05-13 11:53:22] CREATE default_index.js: 0
[2018-05-13 11:53:38] EDIT hw3/static/default_index.js: 44
[2018-05-13 11:54:46] DELETE hw3/static/default_index.js.bak: 0
[2018-05-13 11:55:53] DELETE hw3/static/default_index.js: -44
[2018-05-13 11:56:20] CREATE js/default_index.js: 0
[2018-05-13 11:56:31] EDIT hw3/static/js/default_index.js: 44
[2018-05-13 13:17:53] CREATE js/main-vue.js: 0
[2018-05-13 13:18:09] EDIT hw3/static/js/main-vue.js: 50
[2018-05-13 13:19:41] CREATE js/vue.js: 0
[2018-05-13 13:19:48] EDIT hw3/static/js/vue.js: 6820
[2018-05-13 13:44:08] DELETE hw3/static/js/vue.js.1: -6820
[2018-05-13 17:18:47] EDIT hw3/static/js/default_index.js: 0
[2018-05-13 17:19:19] EDIT hw3/views/default/index.html: 0
[2018-05-13 17:20:13] EDIT hw3/static/js/default_index.js: 0
[2018-05-13 17:20:32] EDIT hw3/views/default/index.html: 0
[2018-05-13 19:27:22] CREATE editor.vue: 0
[2018-05-13 19:27:31] DELETE hw3/static/editor.vue: 0
[2018-05-13 19:27:48] CREATE js/components/editor.vue: 0
[2018-05-13 19:28:17] EDIT hw3/static/js/components/editor.vue: 109
[2018-05-13 19:28:49] CREATE js/components/viewer.vue: 0
[2018-05-13 19:28:52] EDIT hw3/static/js/components/viewer.vue: 71
[2018-05-13 19:28:58] CREATE js/components/index.vue: 0
[2018-05-13 19:29:05] EDIT hw3/static/js/components/index.vue: 71
[2018-05-13 19:29:10] CREATE js/components/memo.vue: 0
[2018-05-13 19:29:17] EDIT hw3/static/js/components/memo.vue: 34
[2018-05-13 19:31:43] CREATE js/router/index.js: 0
[2018-05-13 19:32:05] EDIT hw3/static/js/router/index.js: 28
[2018-05-13 19:32:21] CREATE js/vuex/index.js: 0
[2018-05-13 19:32:51] EDIT hw3/static/js/vuex/index.js: 139
[2018-05-13 19:35:13] EDIT hw3/views/default/index.html: 0
[2018-05-13 19:39:06] EDIT hw3/views/default/index.html: -12
[2018-05-13 19:39:31] EDIT hw3/views/default/index.html: 0
[2018-05-13 19:40:29] CREATE js/app.vue: 0
[2018-05-13 19:40:33] EDIT hw3/static/js/app.vue: 23
[2018-05-13 20:17:42] EDIT hw3/views/default/index.html: -7
[2018-05-13 20:21:40] DELETE hw3/static/js/components/editor.vue.bak: 0
[2018-05-13 20:21:49] DELETE hw3/static/js/components/editor.vue: -109
[2018-05-13 20:35:26] EDIT hw3/views/default/index.html: 3
